{"/Users/xiaoyuhan/projects/list/src/axios-api.js": {"path":"/Users/xiaoyuhan/projects/list/src/axios-api.js","statementMap":{"0":{"start":{"line":3,"column":23},"end":{"line":3,"column":33}},"1":{"start":{"line":4,"column":24},"end":{"line":6,"column":2}}},"fnMap":{},"branchMap":{},"s":{"0":3,"1":3},"f":{},"b":{},"_coverageSchema":"1a1c01bbd47fc00a2c39e90264f33305004495a9","hash":"108d5cf92149b0fe7c166e2e8adfd31ac01acc51"}
,"/Users/xiaoyuhan/projects/list/src/index.js": {"path":"/Users/xiaoyuhan/projects/list/src/index.js","statementMap":{"0":{"start":{"line":7,"column":0},"end":{"line":12,"column":2}},"1":{"start":{"line":17,"column":0},"end":{"line":17,"column":18}}},"fnMap":{},"branchMap":{},"s":{"0":0,"1":0},"f":{},"b":{}}
,"/Users/xiaoyuhan/projects/list/src/reportWebVitals.js": {"path":"/Users/xiaoyuhan/projects/list/src/reportWebVitals.js","statementMap":{"0":{"start":{"line":1,"column":24},"end":{"line":11,"column":1}},"1":{"start":{"line":2,"column":2},"end":{"line":10,"column":3}},"2":{"start":{"line":3,"column":4},"end":{"line":9,"column":7}},"3":{"start":{"line":4,"column":6},"end":{"line":4,"column":26}},"4":{"start":{"line":5,"column":6},"end":{"line":5,"column":26}},"5":{"start":{"line":6,"column":6},"end":{"line":6,"column":26}},"6":{"start":{"line":7,"column":6},"end":{"line":7,"column":26}},"7":{"start":{"line":8,"column":6},"end":{"line":8,"column":27}}},"fnMap":{"0":{"name":"(anonymous_0)","decl":{"start":{"line":1,"column":24},"end":{"line":1,"column":25}},"loc":{"start":{"line":1,"column":39},"end":{"line":11,"column":1}},"line":1},"1":{"name":"(anonymous_1)","decl":{"start":{"line":3,"column":30},"end":{"line":3,"column":31}},"loc":{"start":{"line":3,"column":79},"end":{"line":9,"column":5}},"line":3}},"branchMap":{"0":{"loc":{"start":{"line":2,"column":2},"end":{"line":10,"column":3}},"type":"if","locations":[{"start":{"line":2,"column":2},"end":{"line":10,"column":3}},{"start":{"line":2,"column":2},"end":{"line":10,"column":3}}],"line":2},"1":{"loc":{"start":{"line":2,"column":6},"end":{"line":2,"column":52}},"type":"binary-expr","locations":[{"start":{"line":2,"column":6},"end":{"line":2,"column":17}},{"start":{"line":2,"column":21},"end":{"line":2,"column":52}}],"line":2}},"s":{"0":0,"1":0,"2":0,"3":0,"4":0,"5":0,"6":0,"7":0},"f":{"0":0,"1":0},"b":{"0":[0,0],"1":[0,0]}}
,"/Users/xiaoyuhan/projects/list/src/components/Loader.js": {"path":"/Users/xiaoyuhan/projects/list/src/components/Loader.js","statementMap":{"0":{"start":{"line":5,"column":16},"end":{"line":13,"column":1}},"1":{"start":{"line":14,"column":15},"end":{"line":18,"column":1}},"2":{"start":{"line":15,"column":2},"end":{"line":17,"column":12}}},"fnMap":{"0":{"name":"(anonymous_0)","decl":{"start":{"line":14,"column":15},"end":{"line":14,"column":16}},"loc":{"start":{"line":15,"column":2},"end":{"line":17,"column":12}},"line":15}},"branchMap":{},"s":{"0":4,"1":4,"2":5},"f":{"0":5},"b":{},"_coverageSchema":"1a1c01bbd47fc00a2c39e90264f33305004495a9","hash":"344b9728738ad08cd37abd045c854e44ec0c9498"}
,"/Users/xiaoyuhan/projects/list/src/components/MovieItem.js": {"path":"/Users/xiaoyuhan/projects/list/src/components/MovieItem.js","statementMap":{"0":{"start":{"line":8,"column":18},"end":{"line":29,"column":1}},"1":{"start":{"line":11,"column":6},"end":{"line":11,"column":11}},"2":{"start":{"line":12,"column":2},"end":{"line":28,"column":4}},"3":{"start":{"line":17,"column":8},"end":{"line":17,"column":30}},"4":{"start":{"line":31,"column":0},"end":{"line":37,"column":2}},"5":{"start":{"line":39,"column":0},"end":{"line":49,"column":2}}},"fnMap":{"0":{"name":"(anonymous_0)","decl":{"start":{"line":8,"column":18},"end":{"line":8,"column":19}},"loc":{"start":{"line":8,"column":65},"end":{"line":29,"column":1}},"line":8},"1":{"name":"(anonymous_1)","decl":{"start":{"line":16,"column":15},"end":{"line":16,"column":16}},"loc":{"start":{"line":16,"column":21},"end":{"line":18,"column":7}},"line":16},"2":{"name":"(anonymous_2)","decl":{"start":{"line":36,"column":17},"end":{"line":36,"column":18}},"loc":{"start":{"line":36,"column":23},"end":{"line":36,"column":25}},"line":36}},"branchMap":{},"s":{"0":2,"1":10,"2":10,"3":0,"4":2,"5":2},"f":{"0":10,"1":0,"2":0},"b":{},"_coverageSchema":"1a1c01bbd47fc00a2c39e90264f33305004495a9","hash":"a3178c88bdebb2fb2daf8e8df1bbd7747256fb03"}
,"/Users/xiaoyuhan/projects/list/src/components/MovieList.js": {"path":"/Users/xiaoyuhan/projects/list/src/components/MovieList.js","statementMap":{"0":{"start":{"line":5,"column":18},"end":{"line":15,"column":1}},"1":{"start":{"line":6,"column":24},"end":{"line":8,"column":4}},"2":{"start":{"line":7,"column":4},"end":{"line":7,"column":128}},"3":{"start":{"line":10,"column":2},"end":{"line":14,"column":4}}},"fnMap":{"0":{"name":"(anonymous_0)","decl":{"start":{"line":5,"column":18},"end":{"line":5,"column":19}},"loc":{"start":{"line":5,"column":66},"end":{"line":15,"column":1}},"line":5},"1":{"name":"(anonymous_1)","decl":{"start":{"line":6,"column":36},"end":{"line":6,"column":37}},"loc":{"start":{"line":7,"column":4},"end":{"line":7,"column":128}},"line":7}},"branchMap":{},"s":{"0":2,"1":10,"2":10,"3":10},"f":{"0":10,"1":10},"b":{},"_coverageSchema":"1a1c01bbd47fc00a2c39e90264f33305004495a9","hash":"92c2e6e91350619884700bbb487b6f96814e12a7"}
,"/Users/xiaoyuhan/projects/list/src/components/Pagination.js": {"path":"/Users/xiaoyuhan/projects/list/src/components/Pagination.js","statementMap":{"0":{"start":{"line":13,"column":30},"end":{"line":17,"column":3}},"1":{"start":{"line":14,"column":4},"end":{"line":16,"column":5}},"2":{"start":{"line":15,"column":6},"end":{"line":15,"column":41}},"3":{"start":{"line":19,"column":26},"end":{"line":23,"column":3}},"4":{"start":{"line":20,"column":4},"end":{"line":22,"column":5}},"5":{"start":{"line":21,"column":6},"end":{"line":21,"column":41}},"6":{"start":{"line":24,"column":2},"end":{"line":52,"column":4}},"7":{"start":{"line":31,"column":20},"end":{"line":31,"column":41}},"8":{"start":{"line":47,"column":20},"end":{"line":47,"column":37}},"9":{"start":{"line":55,"column":0},"end":{"line":59,"column":2}},"10":{"start":{"line":61,"column":0},"end":{"line":65,"column":2}}},"fnMap":{"0":{"name":"Pagination","decl":{"start":{"line":8,"column":24},"end":{"line":8,"column":34}},"loc":{"start":{"line":12,"column":3},"end":{"line":53,"column":1}},"line":12},"1":{"name":"(anonymous_1)","decl":{"start":{"line":13,"column":30},"end":{"line":13,"column":31}},"loc":{"start":{"line":13,"column":36},"end":{"line":17,"column":3}},"line":13},"2":{"name":"(anonymous_2)","decl":{"start":{"line":19,"column":26},"end":{"line":19,"column":27}},"loc":{"start":{"line":19,"column":32},"end":{"line":23,"column":3}},"line":19},"3":{"name":"(anonymous_3)","decl":{"start":{"line":31,"column":14},"end":{"line":31,"column":15}},"loc":{"start":{"line":31,"column":20},"end":{"line":31,"column":41}},"line":31},"4":{"name":"(anonymous_4)","decl":{"start":{"line":47,"column":14},"end":{"line":47,"column":15}},"loc":{"start":{"line":47,"column":20},"end":{"line":47,"column":37}},"line":47},"5":{"name":"(anonymous_5)","decl":{"start":{"line":56,"column":21},"end":{"line":56,"column":22}},"loc":{"start":{"line":56,"column":27},"end":{"line":56,"column":29}},"line":56}},"branchMap":{"0":{"loc":{"start":{"line":14,"column":4},"end":{"line":16,"column":5}},"type":"if","locations":[{"start":{"line":14,"column":4},"end":{"line":16,"column":5}},{"start":{"line":14,"column":4},"end":{"line":16,"column":5}}],"line":14},"1":{"loc":{"start":{"line":20,"column":4},"end":{"line":22,"column":5}},"type":"if","locations":[{"start":{"line":20,"column":4},"end":{"line":22,"column":5}},{"start":{"line":20,"column":4},"end":{"line":22,"column":5}}],"line":20}},"s":{"0":5,"1":1,"2":1,"3":5,"4":1,"5":1,"6":5,"7":1,"8":1,"9":3,"10":3},"f":{"0":5,"1":1,"2":1,"3":1,"4":1,"5":0},"b":{"0":[1,0],"1":[1,0]},"_coverageSchema":"1a1c01bbd47fc00a2c39e90264f33305004495a9","hash":"e48157d254bfbd28e716bacaaf54152cd82837e0"}
,"/Users/xiaoyuhan/projects/list/src/container/App.js": {"path":"/Users/xiaoyuhan/projects/list/src/container/App.js","statementMap":{"0":{"start":{"line":6,"column":19},"end":{"line":8,"column":1}},"1":{"start":{"line":10,"column":12},"end":{"line":33,"column":1}},"2":{"start":{"line":11,"column":32},"end":{"line":11,"column":44}},"3":{"start":{"line":12,"column":24},"end":{"line":12,"column":36}},"4":{"start":{"line":14,"column":30},"end":{"line":16,"column":3}},"5":{"start":{"line":15,"column":4},"end":{"line":15,"column":22}},"6":{"start":{"line":18,"column":31},"end":{"line":20,"column":3}},"7":{"start":{"line":19,"column":4},"end":{"line":19,"column":18}},"8":{"start":{"line":22,"column":2},"end":{"line":24,"column":12}},"9":{"start":{"line":23,"column":4},"end":{"line":23,"column":19}},"10":{"start":{"line":26,"column":2},"end":{"line":32,"column":4}}},"fnMap":{"0":{"name":"(anonymous_0)","decl":{"start":{"line":10,"column":12},"end":{"line":10,"column":13}},"loc":{"start":{"line":10,"column":18},"end":{"line":33,"column":1}},"line":10},"1":{"name":"(anonymous_1)","decl":{"start":{"line":14,"column":30},"end":{"line":14,"column":31}},"loc":{"start":{"line":14,"column":41},"end":{"line":16,"column":3}},"line":14},"2":{"name":"(anonymous_2)","decl":{"start":{"line":18,"column":31},"end":{"line":18,"column":32}},"loc":{"start":{"line":18,"column":42},"end":{"line":20,"column":3}},"line":18},"3":{"name":"(anonymous_3)","decl":{"start":{"line":22,"column":12},"end":{"line":22,"column":13}},"loc":{"start":{"line":22,"column":18},"end":{"line":24,"column":3}},"line":22}},"branchMap":{},"s":{"0":1,"1":1,"2":1,"3":1,"4":1,"5":0,"6":1,"7":0,"8":1,"9":1,"10":1},"f":{"0":1,"1":0,"2":0,"3":1},"b":{},"_coverageSchema":"1a1c01bbd47fc00a2c39e90264f33305004495a9","hash":"a5aa38002509493bbc21843b10f9a6645f06d390"}
,"/Users/xiaoyuhan/projects/list/src/container/Main.js": {"path":"/Users/xiaoyuhan/projects/list/src/container/Main.js","statementMap":{"0":{"start":{"line":9,"column":22},"end":{"line":11,"column":1}},"1":{"start":{"line":13,"column":13},"end":{"line":109,"column":1}},"2":{"start":{"line":14,"column":49},"end":{"line":14,"column":63}},"3":{"start":{"line":15,"column":28},"end":{"line":15,"column":43}},"4":{"start":{"line":16,"column":32},"end":{"line":16,"column":47}},"5":{"start":{"line":19,"column":2},"end":{"line":40,"column":16}},"6":{"start":{"line":20,"column":4},"end":{"line":39,"column":5}},"7":{"start":{"line":21,"column":6},"end":{"line":21,"column":23}},"8":{"start":{"line":22,"column":6},"end":{"line":22,"column":22}},"9":{"start":{"line":23,"column":6},"end":{"line":23,"column":31}},"10":{"start":{"line":25,"column":6},"end":{"line":38,"column":11}},"11":{"start":{"line":27,"column":37},"end":{"line":27,"column":45}},"12":{"start":{"line":28,"column":10},"end":{"line":32,"column":11}},"13":{"start":{"line":29,"column":12},"end":{"line":29,"column":27}},"14":{"start":{"line":31,"column":12},"end":{"line":31,"column":37}},"15":{"start":{"line":33,"column":10},"end":{"line":33,"column":28}},"16":{"start":{"line":36,"column":10},"end":{"line":36,"column":28}},"17":{"start":{"line":37,"column":10},"end":{"line":37,"column":28}},"18":{"start":{"line":42,"column":2},"end":{"line":50,"column":3}},"19":{"start":{"line":43,"column":4},"end":{"line":49,"column":6}},"20":{"start":{"line":52,"column":2},"end":{"line":58,"column":3}},"21":{"start":{"line":53,"column":4},"end":{"line":57,"column":6}},"22":{"start":{"line":60,"column":2},"end":{"line":68,"column":3}},"23":{"start":{"line":61,"column":4},"end":{"line":67,"column":6}},"24":{"start":{"line":70,"column":2},"end":{"line":108,"column":4}},"25":{"start":{"line":111,"column":0},"end":{"line":113,"column":2}},"26":{"start":{"line":115,"column":0},"end":{"line":117,"column":2}}},"fnMap":{"0":{"name":"(anonymous_0)","decl":{"start":{"line":13,"column":13},"end":{"line":13,"column":14}},"loc":{"start":{"line":13,"column":30},"end":{"line":109,"column":1}},"line":13},"1":{"name":"(anonymous_1)","decl":{"start":{"line":19,"column":12},"end":{"line":19,"column":13}},"loc":{"start":{"line":19,"column":18},"end":{"line":40,"column":3}},"line":19},"2":{"name":"(anonymous_2)","decl":{"start":{"line":26,"column":14},"end":{"line":26,"column":15}},"loc":{"start":{"line":26,"column":28},"end":{"line":34,"column":9}},"line":26},"3":{"name":"(anonymous_3)","decl":{"start":{"line":35,"column":15},"end":{"line":35,"column":16}},"loc":{"start":{"line":35,"column":32},"end":{"line":38,"column":9}},"line":35}},"branchMap":{"0":{"loc":{"start":{"line":20,"column":4},"end":{"line":39,"column":5}},"type":"if","locations":[{"start":{"line":20,"column":4},"end":{"line":39,"column":5}},{"start":{"line":20,"column":4},"end":{"line":39,"column":5}}],"line":20},"1":{"loc":{"start":{"line":28,"column":10},"end":{"line":32,"column":11}},"type":"if","locations":[{"start":{"line":28,"column":10},"end":{"line":32,"column":11}},{"start":{"line":28,"column":10},"end":{"line":32,"column":11}}],"line":28},"2":{"loc":{"start":{"line":42,"column":2},"end":{"line":50,"column":3}},"type":"if","locations":[{"start":{"line":42,"column":2},"end":{"line":50,"column":3}},{"start":{"line":42,"column":2},"end":{"line":50,"column":3}}],"line":42},"3":{"loc":{"start":{"line":52,"column":2},"end":{"line":58,"column":3}},"type":"if","locations":[{"start":{"line":52,"column":2},"end":{"line":58,"column":3}},{"start":{"line":52,"column":2},"end":{"line":58,"column":3}}],"line":52},"4":{"loc":{"start":{"line":60,"column":2},"end":{"line":68,"column":3}},"type":"if","locations":[{"start":{"line":60,"column":2},"end":{"line":68,"column":3}},{"start":{"line":60,"column":2},"end":{"line":68,"column":3}}],"line":60},"5":{"loc":{"start":{"line":72,"column":7},"end":{"line":77,"column":7}},"type":"binary-expr","locations":[{"start":{"line":72,"column":7},"end":{"line":72,"column":30}},{"start":{"line":73,"column":6},"end":{"line":76,"column":19}}],"line":72},"6":{"loc":{"start":{"line":78,"column":7},"end":{"line":82,"column":7}},"type":"binary-expr","locations":[{"start":{"line":78,"column":7},"end":{"line":78,"column":31}},{"start":{"line":78,"column":35},"end":{"line":78,"column":69}},{"start":{"line":79,"column":6},"end":{"line":81,"column":41}}],"line":78},"7":{"loc":{"start":{"line":83,"column":7},"end":{"line":88,"column":7}},"type":"binary-expr","locations":[{"start":{"line":83,"column":7},"end":{"line":83,"column":29}},{"start":{"line":84,"column":6},"end":{"line":87,"column":19}}],"line":83},"8":{"loc":{"start":{"line":89,"column":7},"end":{"line":94,"column":7}},"type":"binary-expr","locations":[{"start":{"line":89,"column":7},"end":{"line":89,"column":33}},{"start":{"line":90,"column":6},"end":{"line":93,"column":19}}],"line":89},"9":{"loc":{"start":{"line":95,"column":7},"end":{"line":100,"column":7}},"type":"binary-expr","locations":[{"start":{"line":95,"column":7},"end":{"line":95,"column":32}},{"start":{"line":96,"column":6},"end":{"line":99,"column":19}}],"line":95},"10":{"loc":{"start":{"line":101,"column":7},"end":{"line":106,"column":7}},"type":"binary-expr","locations":[{"start":{"line":101,"column":7},"end":{"line":101,"column":31}},{"start":{"line":102,"column":6},"end":{"line":105,"column":19}}],"line":101}},"s":{"0":2,"1":2,"2":5,"3":5,"4":5,"5":5,"6":2,"7":1,"8":1,"9":1,"10":1,"11":1,"12":1,"13":0,"14":1,"15":1,"16":0,"17":0,"18":5,"19":1,"20":4,"21":2,"22":2,"23":0,"24":2,"25":2,"26":2},"f":{"0":5,"1":2,"2":1,"3":0},"b":{"0":[1,1],"1":[0,1],"2":[1,4],"3":[2,2],"4":[0,2],"5":[2,1],"6":[2,1,1],"7":[2,1],"8":[2,1],"9":[2,1],"10":[2,1]},"_coverageSchema":"1a1c01bbd47fc00a2c39e90264f33305004495a9","hash":"56ea666d6e026b7af71066821dbb6b9ecc0a0ebc"}
,"/Users/xiaoyuhan/projects/list/src/container/Sidebar.js": {"path":"/Users/xiaoyuhan/projects/list/src/container/Sidebar.js","statementMap":{"0":{"start":{"line":13,"column":20},"end":{"line":13,"column":22}},"1":{"start":{"line":15,"column":25},"end":{"line":17,"column":1}},"2":{"start":{"line":19,"column":16},"end":{"line":130,"column":1}},"3":{"start":{"line":22,"column":36},"end":{"line":22,"column":91}},"4":{"start":{"line":23,"column":40},"end":{"line":23,"column":54}},"5":{"start":{"line":24,"column":32},"end":{"line":24,"column":47}},"6":{"start":{"line":25,"column":42},"end":{"line":25,"column":54}},"7":{"start":{"line":26,"column":36},"end":{"line":26,"column":47}},"8":{"start":{"line":28,"column":49},"end":{"line":28,"column":58}},"9":{"start":{"line":30,"column":25},"end":{"line":30,"column":58}},"10":{"start":{"line":31,"column":26},"end":{"line":31,"column":70}},"11":{"start":{"line":33,"column":25},"end":{"line":36,"column":3}},"12":{"start":{"line":34,"column":4},"end":{"line":34,"column":27}},"13":{"start":{"line":35,"column":4},"end":{"line":35,"column":22}},"14":{"start":{"line":38,"column":25},"end":{"line":41,"column":3}},"15":{"start":{"line":39,"column":4},"end":{"line":39,"column":24}},"16":{"start":{"line":40,"column":4},"end":{"line":40,"column":19}},"17":{"start":{"line":43,"column":30},"end":{"line":45,"column":3}},"18":{"start":{"line":44,"column":4},"end":{"line":44,"column":24}},"19":{"start":{"line":47,"column":32},"end":{"line":49,"column":3}},"20":{"start":{"line":48,"column":4},"end":{"line":48,"column":23}},"21":{"start":{"line":51,"column":2},"end":{"line":78,"column":32}},"22":{"start":{"line":52,"column":4},"end":{"line":52,"column":21}},"23":{"start":{"line":53,"column":4},"end":{"line":53,"column":25}},"24":{"start":{"line":54,"column":4},"end":{"line":54,"column":64}},"25":{"start":{"line":56,"column":4},"end":{"line":77,"column":5}},"26":{"start":{"line":57,"column":6},"end":{"line":76,"column":11}},"27":{"start":{"line":63,"column":14},"end":{"line":63,"column":22}},"28":{"start":{"line":64,"column":10},"end":{"line":71,"column":11}},"29":{"start":{"line":65,"column":12},"end":{"line":65,"column":34}},"30":{"start":{"line":67,"column":12},"end":{"line":70,"column":15}},"31":{"start":{"line":72,"column":10},"end":{"line":72,"column":28}},"32":{"start":{"line":74,"column":10},"end":{"line":74,"column":34}},"33":{"start":{"line":75,"column":10},"end":{"line":75,"column":28}},"34":{"start":{"line":80,"column":2},"end":{"line":88,"column":21}},"35":{"start":{"line":81,"column":4},"end":{"line":85,"column":5}},"36":{"start":{"line":82,"column":6},"end":{"line":82,"column":66}},"37":{"start":{"line":83,"column":6},"end":{"line":83,"column":25}},"38":{"start":{"line":84,"column":6},"end":{"line":84,"column":24}},"39":{"start":{"line":87,"column":4},"end":{"line":87,"column":20}},"40":{"start":{"line":90,"column":2},"end":{"line":129,"column":4}},"41":{"start":{"line":132,"column":0},"end":{"line":135,"column":2}},"42":{"start":{"line":137,"column":0},"end":{"line":140,"column":2}}},"fnMap":{"0":{"name":"(anonymous_0)","decl":{"start":{"line":19,"column":16},"end":{"line":19,"column":17}},"loc":{"start":{"line":21,"column":6},"end":{"line":130,"column":1}},"line":21},"1":{"name":"(anonymous_1)","decl":{"start":{"line":33,"column":25},"end":{"line":33,"column":26}},"loc":{"start":{"line":33,"column":36},"end":{"line":36,"column":3}},"line":33},"2":{"name":"(anonymous_2)","decl":{"start":{"line":38,"column":25},"end":{"line":38,"column":26}},"loc":{"start":{"line":38,"column":31},"end":{"line":41,"column":3}},"line":38},"3":{"name":"(anonymous_3)","decl":{"start":{"line":43,"column":30},"end":{"line":43,"column":31}},"loc":{"start":{"line":43,"column":38},"end":{"line":45,"column":3}},"line":43},"4":{"name":"(anonymous_4)","decl":{"start":{"line":47,"column":32},"end":{"line":47,"column":33}},"loc":{"start":{"line":47,"column":42},"end":{"line":49,"column":3}},"line":47},"5":{"name":"(anonymous_5)","decl":{"start":{"line":51,"column":12},"end":{"line":51,"column":13}},"loc":{"start":{"line":51,"column":18},"end":{"line":78,"column":3}},"line":51},"6":{"name":"(anonymous_6)","decl":{"start":{"line":58,"column":14},"end":{"line":58,"column":15}},"loc":{"start":{"line":58,"column":28},"end":{"line":73,"column":9}},"line":58},"7":{"name":"(anonymous_7)","decl":{"start":{"line":73,"column":17},"end":{"line":73,"column":18}},"loc":{"start":{"line":73,"column":34},"end":{"line":76,"column":9}},"line":73},"8":{"name":"(anonymous_8)","decl":{"start":{"line":80,"column":12},"end":{"line":80,"column":13}},"loc":{"start":{"line":80,"column":18},"end":{"line":88,"column":3}},"line":80},"9":{"name":"(anonymous_9)","decl":{"start":{"line":133,"column":14},"end":{"line":133,"column":15}},"loc":{"start":{"line":133,"column":20},"end":{"line":133,"column":22}},"line":133},"10":{"name":"(anonymous_10)","decl":{"start":{"line":134,"column":19},"end":{"line":134,"column":20}},"loc":{"start":{"line":134,"column":25},"end":{"line":134,"column":27}},"line":134}},"branchMap":{"0":{"loc":{"start":{"line":56,"column":4},"end":{"line":77,"column":5}},"type":"if","locations":[{"start":{"line":56,"column":4},"end":{"line":77,"column":5}},{"start":{"line":56,"column":4},"end":{"line":77,"column":5}}],"line":56},"1":{"loc":{"start":{"line":64,"column":10},"end":{"line":71,"column":11}},"type":"if","locations":[{"start":{"line":64,"column":10},"end":{"line":71,"column":11}},{"start":{"line":64,"column":10},"end":{"line":71,"column":11}}],"line":64},"2":{"loc":{"start":{"line":81,"column":4},"end":{"line":85,"column":5}},"type":"if","locations":[{"start":{"line":81,"column":4},"end":{"line":85,"column":5}},{"start":{"line":81,"column":4},"end":{"line":85,"column":5}}],"line":81},"3":{"loc":{"start":{"line":101,"column":7},"end":{"line":105,"column":7}},"type":"binary-expr","locations":[{"start":{"line":101,"column":7},"end":{"line":101,"column":33}},{"start":{"line":101,"column":37},"end":{"line":101,"column":50}},{"start":{"line":101,"column":54},"end":{"line":101,"column":66}},{"start":{"line":101,"column":70},"end":{"line":101,"column":78}},{"start":{"line":102,"column":8},"end":{"line":104,"column":21}}],"line":101},"4":{"loc":{"start":{"line":107,"column":7},"end":{"line":111,"column":7}},"type":"binary-expr","locations":[{"start":{"line":107,"column":7},"end":{"line":107,"column":19}},{"start":{"line":107,"column":23},"end":{"line":107,"column":34}},{"start":{"line":108,"column":6},"end":{"line":110,"column":19}}],"line":107},"5":{"loc":{"start":{"line":113,"column":7},"end":{"line":113,"column":28}},"type":"binary-expr","locations":[{"start":{"line":113,"column":7},"end":{"line":113,"column":14}},{"start":{"line":113,"column":18},"end":{"line":113,"column":28}}],"line":113},"6":{"loc":{"start":{"line":115,"column":7},"end":{"line":119,"column":7}},"type":"binary-expr","locations":[{"start":{"line":115,"column":7},"end":{"line":115,"column":19}},{"start":{"line":115,"column":23},"end":{"line":115,"column":31}},{"start":{"line":116,"column":8},"end":{"line":118,"column":48}}],"line":115},"7":{"loc":{"start":{"line":121,"column":7},"end":{"line":127,"column":7}},"type":"binary-expr","locations":[{"start":{"line":121,"column":7},"end":{"line":121,"column":21}},{"start":{"line":121,"column":25},"end":{"line":121,"column":37}},{"start":{"line":122,"column":8},"end":{"line":126,"column":53}}],"line":121}},"s":{"0":2,"1":2,"2":2,"3":12,"4":12,"5":12,"6":12,"7":12,"8":12,"9":12,"10":12,"11":12,"12":1,"13":1,"14":12,"15":0,"16":0,"17":12,"18":0,"19":12,"20":0,"21":12,"22":5,"23":5,"24":5,"25":5,"26":1,"27":1,"28":1,"29":0,"30":1,"31":1,"32":0,"33":0,"34":12,"35":5,"36":4,"37":4,"38":4,"39":5,"40":12,"41":2,"42":2},"f":{"0":12,"1":1,"2":0,"3":0,"4":0,"5":5,"6":1,"7":0,"8":5,"9":0,"10":0},"b":{"0":[1,4],"1":[0,1],"2":[4,1],"3":[12,10,8,8,8],"4":[12,4,0],"5":[12,2],"6":[12,12,10],"7":[12,2,2]},"_coverageSchema":"1a1c01bbd47fc00a2c39e90264f33305004495a9","hash":"10817610782c6adee4decb09aef79fd6ec6681bd"}
}
