TN:
SF:src/axios-api.js
FNF:0
FNH:0
DA:3,3
DA:4,3
LF:2
LH:2
BRF:0
BRH:0
end_of_record
TN:
SF:src/index.js
FNF:0
FNH:0
DA:7,0
DA:17,0
LF:2
LH:0
BRF:0
BRH:0
end_of_record
TN:
SF:src/reportWebVitals.js
FN:1,(anonymous_0)
FN:3,(anonymous_1)
FNF:2
FNH:0
FNDA:0,(anonymous_0)
FNDA:0,(anonymous_1)
DA:1,0
DA:2,0
DA:3,0
DA:4,0
DA:5,0
DA:6,0
DA:7,0
DA:8,0
LF:8
LH:0
BRDA:2,0,0,0
BRDA:2,0,1,0
BRDA:2,1,0,0
BRDA:2,1,1,0
BRF:4
BRH:0
end_of_record
TN:
SF:src/components/Loader.js
FN:14,(anonymous_0)
FNF:1
FNH:1
FNDA:5,(anonymous_0)
DA:5,4
DA:14,4
DA:15,5
LF:3
LH:3
BRF:0
BRH:0
end_of_record
TN:
SF:src/components/MovieItem.js
FN:8,(anonymous_0)
FN:16,(anonymous_1)
FN:36,(anonymous_2)
FNF:3
FNH:1
FNDA:10,(anonymous_0)
FNDA:0,(anonymous_1)
FNDA:0,(anonymous_2)
DA:8,2
DA:11,10
DA:12,10
DA:17,0
DA:31,2
DA:39,2
LF:6
LH:5
BRF:0
BRH:0
end_of_record
TN:
SF:src/components/MovieList.js
FN:5,(anonymous_0)
FN:6,(anonymous_1)
FNF:2
FNH:2
FNDA:10,(anonymous_0)
FNDA:10,(anonymous_1)
DA:5,2
DA:6,10
DA:7,10
DA:10,10
LF:4
LH:4
BRF:0
BRH:0
end_of_record
TN:
SF:src/components/Pagination.js
FN:8,Pagination
FN:13,(anonymous_1)
FN:19,(anonymous_2)
FN:31,(anonymous_3)
FN:47,(anonymous_4)
FN:56,(anonymous_5)
FNF:6
FNH:5
FNDA:5,Pagination
FNDA:1,(anonymous_1)
FNDA:1,(anonymous_2)
FNDA:1,(anonymous_3)
FNDA:1,(anonymous_4)
FNDA:0,(anonymous_5)
DA:13,5
DA:14,1
DA:15,1
DA:19,5
DA:20,1
DA:21,1
DA:24,5
DA:31,1
DA:47,1
DA:55,3
DA:61,3
LF:11
LH:11
BRDA:14,0,0,1
BRDA:14,0,1,0
BRDA:20,1,0,1
BRDA:20,1,1,0
BRF:4
BRH:2
end_of_record
TN:
SF:src/container/App.js
FN:10,(anonymous_0)
FN:14,(anonymous_1)
FN:18,(anonymous_2)
FN:22,(anonymous_3)
FNF:4
FNH:2
FNDA:1,(anonymous_0)
FNDA:0,(anonymous_1)
FNDA:0,(anonymous_2)
FNDA:1,(anonymous_3)
DA:6,1
DA:10,1
DA:11,1
DA:12,1
DA:14,1
DA:15,0
DA:18,1
DA:19,0
DA:22,1
DA:23,1
DA:26,1
LF:11
LH:9
BRF:0
BRH:0
end_of_record
TN:
SF:src/container/Main.js
FN:13,(anonymous_0)
FN:19,(anonymous_1)
FN:26,(anonymous_2)
FN:35,(anonymous_3)
FNF:4
FNH:3
FNDA:5,(anonymous_0)
FNDA:2,(anonymous_1)
FNDA:1,(anonymous_2)
FNDA:0,(anonymous_3)
DA:9,2
DA:13,2
DA:14,5
DA:15,5
DA:16,5
DA:19,5
DA:20,2
DA:21,1
DA:22,1
DA:23,1
DA:25,1
DA:27,1
DA:28,1
DA:29,0
DA:31,1
DA:33,1
DA:36,0
DA:37,0
DA:42,5
DA:43,1
DA:52,4
DA:53,2
DA:60,2
DA:61,0
DA:70,2
DA:111,2
DA:115,2
LF:27
LH:23
BRDA:20,0,0,1
BRDA:20,0,1,1
BRDA:28,1,0,0
BRDA:28,1,1,1
BRDA:42,2,0,1
BRDA:42,2,1,4
BRDA:52,3,0,2
BRDA:52,3,1,2
BRDA:60,4,0,0
BRDA:60,4,1,2
BRDA:72,5,0,2
BRDA:72,5,1,1
BRDA:78,6,0,2
BRDA:78,6,1,1
BRDA:78,6,2,1
BRDA:83,7,0,2
BRDA:83,7,1,1
BRDA:89,8,0,2
BRDA:89,8,1,1
BRDA:95,9,0,2
BRDA:95,9,1,1
BRDA:101,10,0,2
BRDA:101,10,1,1
BRF:23
BRH:21
end_of_record
TN:
SF:src/container/Sidebar.js
FN:19,(anonymous_0)
FN:33,(anonymous_1)
FN:38,(anonymous_2)
FN:43,(anonymous_3)
FN:47,(anonymous_4)
FN:51,(anonymous_5)
FN:58,(anonymous_6)
FN:73,(anonymous_7)
FN:80,(anonymous_8)
FN:133,(anonymous_9)
FN:134,(anonymous_10)
FNF:11
FNH:5
FNDA:12,(anonymous_0)
FNDA:1,(anonymous_1)
FNDA:0,(anonymous_2)
FNDA:0,(anonymous_3)
FNDA:0,(anonymous_4)
FNDA:5,(anonymous_5)
FNDA:1,(anonymous_6)
FNDA:0,(anonymous_7)
FNDA:5,(anonymous_8)
FNDA:0,(anonymous_9)
FNDA:0,(anonymous_10)
DA:13,2
DA:15,2
DA:19,2
DA:22,12
DA:23,12
DA:24,12
DA:25,12
DA:26,12
DA:28,12
DA:30,12
DA:31,12
DA:33,12
DA:34,1
DA:35,1
DA:38,12
DA:39,0
DA:40,0
DA:43,12
DA:44,0
DA:47,12
DA:48,0
DA:51,12
DA:52,5
DA:53,5
DA:54,5
DA:56,5
DA:57,1
DA:63,1
DA:64,1
DA:65,0
DA:67,1
DA:72,1
DA:74,0
DA:75,0
DA:80,12
DA:81,5
DA:82,4
DA:83,4
DA:84,4
DA:87,5
DA:90,12
DA:132,2
DA:137,2
LF:43
LH:36
BRDA:56,0,0,1
BRDA:56,0,1,4
BRDA:64,1,0,0
BRDA:64,1,1,1
BRDA:81,2,0,4
BRDA:81,2,1,1
BRDA:101,3,0,12
BRDA:101,3,1,10
BRDA:101,3,2,8
BRDA:101,3,3,8
BRDA:101,3,4,8
BRDA:107,4,0,12
BRDA:107,4,1,4
BRDA:107,4,2,0
BRDA:113,5,0,12
BRDA:113,5,1,2
BRDA:115,6,0,12
BRDA:115,6,1,12
BRDA:115,6,2,10
BRDA:121,7,0,12
BRDA:121,7,1,2
BRDA:121,7,2,2
BRF:22
BRH:20
end_of_record
