TN:
SF:src/axios-api.js
FNF:0
FNH:0
DA:3,3
DA:4,3
LF:2
LH:2
BRF:0
BRH:0
end_of_record
TN:
SF:src/index.js
FNF:0
FNH:0
DA:7,0
DA:17,0
LF:2
LH:0
BRF:0
BRH:0
end_of_record
TN:
SF:src/reportWebVitals.js
FN:1,(anonymous_0)
FN:3,(anonymous_1)
FNF:2
FNH:0
FNDA:0,(anonymous_0)
FNDA:0,(anonymous_1)
DA:1,0
DA:2,0
DA:3,0
DA:4,0
DA:5,0
DA:6,0
DA:7,0
DA:8,0
LF:8
LH:0
BRDA:2,0,0,0
BRDA:2,0,1,0
BRDA:2,1,0,0
BRDA:2,1,1,0
BRF:4
BRH:0
end_of_record
TN:
SF:src/components/Loader.js
FN:14,(anonymous_0)
FNF:1
FNH:1
FNDA:5,(anonymous_0)
DA:5,4
DA:14,4
DA:15,5
LF:3
LH:3
BRF:0
BRH:0
end_of_record
TN:
SF:src/components/MovieItem.js
FN:8,(anonymous_0)
FN:13,(anonymous_1)
FN:39,(anonymous_2)
FNF:3
FNH:1
FNDA:12,(anonymous_0)
FNDA:0,(anonymous_1)
FNDA:0,(anonymous_2)
DA:8,4
DA:11,12
DA:13,12
DA:14,0
DA:17,12
DA:34,4
DA:42,4
LF:7
LH:6
BRF:0
BRH:0
end_of_record
TN:
SF:src/components/MovieList.js
FN:5,(anonymous_0)
FN:6,(anonymous_1)
FNF:2
FNH:2
FNDA:11,(anonymous_0)
FNDA:11,(anonymous_1)
DA:5,3
DA:6,11
DA:7,11
DA:10,11
LF:4
LH:4
BRF:0
BRH:0
end_of_record
TN:
SF:src/components/Pagination.js
FN:8,Pagination
FN:13,(anonymous_1)
FN:19,(anonymous_2)
FN:52,(anonymous_3)
FNF:4
FNH:3
FNDA:5,Pagination
FNDA:1,(anonymous_1)
FNDA:1,(anonymous_2)
FNDA:0,(anonymous_3)
DA:13,5
DA:14,1
DA:15,1
DA:19,5
DA:20,1
DA:21,1
DA:24,5
DA:51,3
DA:57,3
LF:9
LH:9
BRDA:14,0,0,1
BRDA:14,0,1,0
BRDA:20,1,0,1
BRDA:20,1,1,0
BRF:4
BRH:2
end_of_record
TN:
SF:src/container/App.js
FN:10,(anonymous_0)
FN:13,(anonymous_1)
FNF:2
FNH:1
FNDA:1,(anonymous_0)
FNDA:0,(anonymous_1)
DA:6,1
DA:10,1
DA:11,1
DA:13,1
DA:14,0
DA:17,1
LF:6
LH:5
BRF:0
BRH:0
end_of_record
TN:
SF:src/container/Main.js
FN:13,(anonymous_0)
FN:18,(anonymous_1)
FN:25,(anonymous_2)
FN:34,(anonymous_3)
FNF:4
FNH:3
FNDA:5,(anonymous_0)
FNDA:2,(anonymous_1)
FNDA:1,(anonymous_2)
FNDA:0,(anonymous_3)
DA:9,2
DA:13,2
DA:14,5
DA:15,5
DA:16,5
DA:18,5
DA:19,2
DA:20,1
DA:21,1
DA:22,1
DA:24,1
DA:26,1
DA:27,1
DA:28,0
DA:30,1
DA:32,1
DA:35,0
DA:36,0
DA:41,5
DA:42,1
DA:51,4
DA:52,2
DA:59,2
DA:60,0
DA:69,2
DA:110,2
DA:114,2
LF:27
LH:23
BRDA:19,0,0,1
BRDA:19,0,1,1
BRDA:27,1,0,0
BRDA:27,1,1,1
BRDA:41,2,0,1
BRDA:41,2,1,4
BRDA:51,3,0,2
BRDA:51,3,1,2
BRDA:59,4,0,0
BRDA:59,4,1,2
BRDA:71,5,0,2
BRDA:71,5,1,1
BRDA:77,6,0,2
BRDA:77,6,1,1
BRDA:77,6,2,1
BRDA:82,7,0,2
BRDA:82,7,1,1
BRDA:88,8,0,2
BRDA:88,8,1,1
BRDA:94,9,0,2
BRDA:94,9,1,1
BRDA:100,10,0,2
BRDA:100,10,1,1
BRF:23
BRH:21
end_of_record
TN:
SF:src/container/Sidebar.js
FN:19,(anonymous_0)
FN:33,(anonymous_1)
FN:38,(anonymous_2)
FN:42,(anonymous_3)
FN:46,(anonymous_4)
FN:50,(anonymous_5)
FN:57,(anonymous_6)
FN:72,(anonymous_7)
FN:79,(anonymous_8)
FN:132,(anonymous_9)
FN:133,(anonymous_10)
FNF:11
FNH:5
FNDA:12,(anonymous_0)
FNDA:1,(anonymous_1)
FNDA:0,(anonymous_2)
FNDA:0,(anonymous_3)
FNDA:0,(anonymous_4)
FNDA:5,(anonymous_5)
FNDA:1,(anonymous_6)
FNDA:0,(anonymous_7)
FNDA:5,(anonymous_8)
FNDA:0,(anonymous_9)
FNDA:0,(anonymous_10)
DA:13,2
DA:15,2
DA:19,2
DA:22,12
DA:23,12
DA:24,12
DA:25,12
DA:26,12
DA:28,12
DA:30,12
DA:31,12
DA:33,12
DA:34,1
DA:35,1
DA:38,12
DA:39,0
DA:42,12
DA:43,0
DA:46,12
DA:47,0
DA:50,12
DA:51,5
DA:52,5
DA:53,5
DA:55,5
DA:56,1
DA:62,1
DA:63,1
DA:64,0
DA:66,1
DA:71,1
DA:73,0
DA:74,0
DA:79,12
DA:80,5
DA:81,4
DA:82,4
DA:83,4
DA:86,5
DA:89,12
DA:131,2
DA:136,2
LF:42
LH:36
BRDA:55,0,0,1
BRDA:55,0,1,4
BRDA:63,1,0,0
BRDA:63,1,1,1
BRDA:80,2,0,4
BRDA:80,2,1,1
BRDA:100,3,0,12
BRDA:100,3,1,10
BRDA:100,3,2,8
BRDA:100,3,3,8
BRDA:100,3,4,8
BRDA:106,4,0,12
BRDA:106,4,1,4
BRDA:106,4,2,0
BRDA:112,5,0,12
BRDA:112,5,1,2
BRDA:114,6,0,12
BRDA:114,6,1,12
BRDA:114,6,2,10
BRDA:120,7,0,12
BRDA:120,7,1,2
BRDA:120,7,2,2
BRF:22
BRH:20
end_of_record
